{"/Users/haolchen/Documents/__self__/handlebars2/src/index.js": {"path":"/Users/haolchen/Documents/__self__/handlebars2/src/index.js","statementMap":{"0":{"start":{"line":8,"column":0},"end":{"line":8,"column":19}},"1":{"start":{"line":17,"column":19},"end":{"line":17,"column":42}},"2":{"start":{"line":18,"column":2},"end":{"line":18,"column":26}},"3":{"start":{"line":29,"column":18},"end":{"line":29,"column":43}},"4":{"start":{"line":30,"column":2},"end":{"line":30,"column":78}}},"fnMap":{"0":{"name":"render","decl":{"start":{"line":16,"column":9},"end":{"line":16,"column":15}},"loc":{"start":{"line":16,"column":30},"end":{"line":19,"column":1}},"line":16},"1":{"name":"renderPartial","decl":{"start":{"line":28,"column":9},"end":{"line":28,"column":22}},"loc":{"start":{"line":28,"column":38},"end":{"line":31,"column":1}},"line":28}},"branchMap":{"0":{"loc":{"start":{"line":30,"column":9},"end":{"line":30,"column":78}},"type":"cond-expr","locations":[{"start":{"line":30,"column":19},"end":{"line":30,"column":35}},{"start":{"line":30,"column":38},"end":{"line":30,"column":78}}],"line":30}},"s":{"0":1,"1":2,"2":2,"3":0,"4":0},"f":{"0":2,"1":0},"b":{"0":[0,0]},"_coverageSchema":"332fd63041d2c1bcb487cc26dd0d5f7d97098a6c","hash":"bb4bcac8095094f073b37599d95604d2925ccc4c"}
,"/Users/haolchen/Documents/__self__/handlebars2/src/helpers/comparison.js": {"path":"/Users/haolchen/Documents/__self__/handlebars2/src/helpers/comparison.js","statementMap":{"0":{"start":{"line":19,"column":4},"end":{"line":21,"column":5}},"1":{"start":{"line":20,"column":6},"end":{"line":20,"column":74}},"2":{"start":{"line":24,"column":4},"end":{"line":57,"column":5}},"3":{"start":{"line":26,"column":8},"end":{"line":26,"column":23}},"4":{"start":{"line":27,"column":8},"end":{"line":27,"column":13}},"5":{"start":{"line":29,"column":8},"end":{"line":29,"column":24}},"6":{"start":{"line":30,"column":8},"end":{"line":30,"column":13}},"7":{"start":{"line":32,"column":8},"end":{"line":32,"column":23}},"8":{"start":{"line":33,"column":8},"end":{"line":33,"column":13}},"9":{"start":{"line":35,"column":8},"end":{"line":35,"column":24}},"10":{"start":{"line":36,"column":8},"end":{"line":36,"column":13}},"11":{"start":{"line":38,"column":8},"end":{"line":38,"column":22}},"12":{"start":{"line":39,"column":8},"end":{"line":39,"column":13}},"13":{"start":{"line":41,"column":8},"end":{"line":41,"column":22}},"14":{"start":{"line":42,"column":8},"end":{"line":42,"column":13}},"15":{"start":{"line":44,"column":8},"end":{"line":44,"column":23}},"16":{"start":{"line":45,"column":8},"end":{"line":45,"column":13}},"17":{"start":{"line":47,"column":8},"end":{"line":47,"column":23}},"18":{"start":{"line":48,"column":8},"end":{"line":48,"column":13}},"19":{"start":{"line":50,"column":8},"end":{"line":50,"column":31}},"20":{"start":{"line":51,"column":8},"end":{"line":51,"column":13}},"21":{"start":{"line":53,"column":8},"end":{"line":55,"column":9}},"22":{"start":{"line":59,"column":4},"end":{"line":59,"column":60}},"23":{"start":{"line":76,"column":16},"end":{"line":76,"column":36}},"24":{"start":{"line":77,"column":20},"end":{"line":77,"column":34}},"25":{"start":{"line":78,"column":14},"end":{"line":78,"column":18}},"26":{"start":{"line":80,"column":4},"end":{"line":85,"column":5}},"27":{"start":{"line":81,"column":6},"end":{"line":84,"column":7}},"28":{"start":{"line":82,"column":8},"end":{"line":82,"column":19}},"29":{"start":{"line":83,"column":8},"end":{"line":83,"column":13}},"30":{"start":{"line":87,"column":4},"end":{"line":87,"column":57}}},"fnMap":{},"branchMap":{"0":{"loc":{"start":{"line":19,"column":4},"end":{"line":21,"column":5}},"type":"if","locations":[{"start":{"line":19,"column":4},"end":{"line":21,"column":5}},{"start":{"line":19,"column":4},"end":{"line":21,"column":5}}],"line":19},"1":{"loc":{"start":{"line":24,"column":4},"end":{"line":57,"column":5}},"type":"switch","locations":[{"start":{"line":25,"column":6},"end":{"line":27,"column":13}},{"start":{"line":28,"column":6},"end":{"line":30,"column":13}},{"start":{"line":31,"column":6},"end":{"line":33,"column":13}},{"start":{"line":34,"column":6},"end":{"line":36,"column":13}},{"start":{"line":37,"column":6},"end":{"line":39,"column":13}},{"start":{"line":40,"column":6},"end":{"line":42,"column":13}},{"start":{"line":43,"column":6},"end":{"line":45,"column":13}},{"start":{"line":46,"column":6},"end":{"line":48,"column":13}},{"start":{"line":49,"column":6},"end":{"line":51,"column":13}},{"start":{"line":52,"column":6},"end":{"line":56,"column":7}}],"line":24},"2":{"loc":{"start":{"line":59,"column":11},"end":{"line":59,"column":60}},"type":"cond-expr","locations":[{"start":{"line":59,"column":20},"end":{"line":59,"column":36}},{"start":{"line":59,"column":39},"end":{"line":59,"column":60}}],"line":59},"3":{"loc":{"start":{"line":81,"column":6},"end":{"line":84,"column":7}},"type":"if","locations":[{"start":{"line":81,"column":6},"end":{"line":84,"column":7}},{"start":{"line":81,"column":6},"end":{"line":84,"column":7}}],"line":81},"4":{"loc":{"start":{"line":87,"column":11},"end":{"line":87,"column":57}},"type":"cond-expr","locations":[{"start":{"line":87,"column":17},"end":{"line":87,"column":33}},{"start":{"line":87,"column":36},"end":{"line":87,"column":57}}],"line":87}},"s":{"0":0,"1":0,"2":0,"3":0,"4":0,"5":0,"6":0,"7":0,"8":0,"9":0,"10":0,"11":0,"12":0,"13":0,"14":0,"15":0,"16":0,"17":0,"18":0,"19":0,"20":0,"21":0,"22":0,"23":0,"24":0,"25":0,"26":0,"27":0,"28":0,"29":0,"30":0},"f":{},"b":{"0":[0,0],"1":[0,0,0,0,0,0,0,0,0,0],"2":[0,0],"3":[0,0],"4":[0,0]},"_coverageSchema":"332fd63041d2c1bcb487cc26dd0d5f7d97098a6c","hash":"c0dec534a405ffb490aee7c3a02a0b7bf757909d"}
,"/Users/haolchen/Documents/__self__/handlebars2/src/helpers/core.js": {"path":"/Users/haolchen/Documents/__self__/handlebars2/src/helpers/core.js","statementMap":{"0":{"start":{"line":10,"column":17},"end":{"line":10,"column":23}},"1":{"start":{"line":11,"column":18},"end":{"line":11,"column":24}},"2":{"start":{"line":12,"column":18},"end":{"line":12,"column":29}},"3":{"start":{"line":16,"column":4},"end":{"line":18,"column":5}},"4":{"start":{"line":17,"column":6},"end":{"line":17,"column":12}},"5":{"start":{"line":19,"column":4},"end":{"line":19,"column":47}},"6":{"start":{"line":23,"column":4},"end":{"line":25,"column":5}},"7":{"start":{"line":24,"column":6},"end":{"line":24,"column":12}},"8":{"start":{"line":26,"column":20},"end":{"line":26,"column":60}},"9":{"start":{"line":27,"column":4},"end":{"line":27,"column":45}},"10":{"start":{"line":31,"column":4},"end":{"line":33,"column":5}},"11":{"start":{"line":32,"column":6},"end":{"line":32,"column":12}},"12":{"start":{"line":34,"column":4},"end":{"line":34,"column":31}},"13":{"start":{"line":38,"column":4},"end":{"line":40,"column":5}},"14":{"start":{"line":39,"column":6},"end":{"line":39,"column":12}},"15":{"start":{"line":41,"column":4},"end":{"line":41,"column":50}},"16":{"start":{"line":45,"column":19},"end":{"line":45,"column":32}},"17":{"start":{"line":46,"column":4},"end":{"line":46,"column":78}},"18":{"start":{"line":50,"column":4},"end":{"line":50,"column":40}},"19":{"start":{"line":54,"column":4},"end":{"line":54,"column":41}},"20":{"start":{"line":58,"column":4},"end":{"line":58,"column":52}},"21":{"start":{"line":62,"column":4},"end":{"line":62,"column":65}},"22":{"start":{"line":66,"column":19},"end":{"line":66,"column":32}},"23":{"start":{"line":67,"column":4},"end":{"line":67,"column":52}},"24":{"start":{"line":71,"column":19},"end":{"line":71,"column":32}},"25":{"start":{"line":72,"column":4},"end":{"line":72,"column":52}},"26":{"start":{"line":76,"column":19},"end":{"line":76,"column":32}},"27":{"start":{"line":77,"column":4},"end":{"line":84,"column":5}},"28":{"start":{"line":88,"column":19},"end":{"line":88,"column":32}},"29":{"start":{"line":89,"column":4},"end":{"line":89,"column":56}},"30":{"start":{"line":93,"column":4},"end":{"line":95,"column":5}},"31":{"start":{"line":94,"column":6},"end":{"line":94,"column":12}},"32":{"start":{"line":96,"column":4},"end":{"line":96,"column":68}},"33":{"start":{"line":100,"column":4},"end":{"line":102,"column":5}},"34":{"start":{"line":101,"column":6},"end":{"line":101,"column":12}},"35":{"start":{"line":103,"column":4},"end":{"line":103,"column":68}}},"fnMap":{},"branchMap":{"0":{"loc":{"start":{"line":16,"column":4},"end":{"line":18,"column":5}},"type":"if","locations":[{"start":{"line":16,"column":4},"end":{"line":18,"column":5}},{"start":{"line":16,"column":4},"end":{"line":18,"column":5}}],"line":16},"1":{"loc":{"start":{"line":23,"column":4},"end":{"line":25,"column":5}},"type":"if","locations":[{"start":{"line":23,"column":4},"end":{"line":25,"column":5}},{"start":{"line":23,"column":4},"end":{"line":25,"column":5}}],"line":23},"2":{"loc":{"start":{"line":26,"column":20},"end":{"line":26,"column":60}},"type":"binary-expr","locations":[{"start":{"line":26,"column":20},"end":{"line":26,"column":49}},{"start":{"line":26,"column":53},"end":{"line":26,"column":60}}],"line":26},"3":{"loc":{"start":{"line":31,"column":4},"end":{"line":33,"column":5}},"type":"if","locations":[{"start":{"line":31,"column":4},"end":{"line":33,"column":5}},{"start":{"line":31,"column":4},"end":{"line":33,"column":5}}],"line":31},"4":{"loc":{"start":{"line":38,"column":4},"end":{"line":40,"column":5}},"type":"if","locations":[{"start":{"line":38,"column":4},"end":{"line":40,"column":5}},{"start":{"line":38,"column":4},"end":{"line":40,"column":5}}],"line":38},"5":{"loc":{"start":{"line":93,"column":4},"end":{"line":95,"column":5}},"type":"if","locations":[{"start":{"line":93,"column":4},"end":{"line":95,"column":5}},{"start":{"line":93,"column":4},"end":{"line":95,"column":5}}],"line":93},"6":{"loc":{"start":{"line":93,"column":8},"end":{"line":93,"column":23}},"type":"binary-expr","locations":[{"start":{"line":93,"column":8},"end":{"line":93,"column":13}},{"start":{"line":93,"column":17},"end":{"line":93,"column":23}}],"line":93},"7":{"loc":{"start":{"line":96,"column":11},"end":{"line":96,"column":68}},"type":"cond-expr","locations":[{"start":{"line":96,"column":28},"end":{"line":96,"column":44}},{"start":{"line":96,"column":47},"end":{"line":96,"column":68}}],"line":96},"8":{"loc":{"start":{"line":100,"column":4},"end":{"line":102,"column":5}},"type":"if","locations":[{"start":{"line":100,"column":4},"end":{"line":102,"column":5}},{"start":{"line":100,"column":4},"end":{"line":102,"column":5}}],"line":100},"9":{"loc":{"start":{"line":100,"column":8},"end":{"line":100,"column":23}},"type":"binary-expr","locations":[{"start":{"line":100,"column":8},"end":{"line":100,"column":13}},{"start":{"line":100,"column":17},"end":{"line":100,"column":23}}],"line":100},"10":{"loc":{"start":{"line":103,"column":11},"end":{"line":103,"column":68}},"type":"cond-expr","locations":[{"start":{"line":103,"column":28},"end":{"line":103,"column":49}},{"start":{"line":103,"column":52},"end":{"line":103,"column":68}}],"line":103}},"s":{"0":1,"1":1,"2":1,"3":1,"4":0,"5":1,"6":1,"7":0,"8":1,"9":1,"10":0,"11":0,"12":0,"13":0,"14":0,"15":0,"16":0,"17":0,"18":0,"19":0,"20":0,"21":0,"22":0,"23":0,"24":0,"25":0,"26":0,"27":0,"28":0,"29":0,"30":0,"31":0,"32":0,"33":0,"34":0,"35":0},"f":{},"b":{"0":[0,1],"1":[0,1],"2":[1,0],"3":[0,0],"4":[0,0],"5":[0,0],"6":[0,0],"7":[0,0],"8":[0,0],"9":[0,0],"10":[0,0]},"_coverageSchema":"332fd63041d2c1bcb487cc26dd0d5f7d97098a6c","hash":"d98dd49b4bc0f961d872d8f2f94a98f3bc678ad3"}
,"/Users/haolchen/Documents/__self__/handlebars2/src/helpers/index.js": {"path":"/Users/haolchen/Documents/__self__/handlebars2/src/helpers/index.js","statementMap":{"0":{"start":{"line":11,"column":4},"end":{"line":13,"column":6}},"1":{"start":{"line":12,"column":6},"end":{"line":12,"column":55}},"2":{"start":{"line":16,"column":2},"end":{"line":16,"column":24}},"3":{"start":{"line":17,"column":2},"end":{"line":17,"column":19}},"4":{"start":{"line":18,"column":2},"end":{"line":18,"column":13}}},"fnMap":{"0":{"name":"helpers","decl":{"start":{"line":9,"column":24},"end":{"line":9,"column":31}},"loc":{"start":{"line":9,"column":44},"end":{"line":19,"column":1}},"line":9},"1":{"name":"setup","decl":{"start":{"line":10,"column":11},"end":{"line":10,"column":16}},"loc":{"start":{"line":10,"column":29},"end":{"line":14,"column":3}},"line":10},"2":{"name":"(anonymous_2)","decl":{"start":{"line":11,"column":36},"end":{"line":11,"column":37}},"loc":{"start":{"line":11,"column":44},"end":{"line":13,"column":5}},"line":11}},"branchMap":{},"s":{"0":2,"1":17,"2":1,"3":1,"4":1},"f":{"0":1,"1":2,"2":17},"b":{},"_coverageSchema":"332fd63041d2c1bcb487cc26dd0d5f7d97098a6c","hash":"d4d980bfd63d340882094a915209be3c40b6bfcb"}
,"/Users/haolchen/Documents/__self__/handlebars2/src/helpers/utils.js": {"path":"/Users/haolchen/Documents/__self__/handlebars2/src/helpers/utils.js","statementMap":{"0":{"start":{"line":11,"column":2},"end":{"line":11,"column":16}},"1":{"start":{"line":12,"column":2},"end":{"line":12,"column":53}},"2":{"start":{"line":13,"column":2},"end":{"line":13,"column":63}},"3":{"start":{"line":14,"column":2},"end":{"line":14,"column":48}},"4":{"start":{"line":14,"column":23},"end":{"line":14,"column":48}},"5":{"start":{"line":20,"column":19},"end":{"line":20,"column":27}},"6":{"start":{"line":21,"column":17},"end":{"line":25,"column":1}},"7":{"start":{"line":22,"column":2},"end":{"line":24,"column":4}},"8":{"start":{"line":23,"column":4},"end":{"line":23,"column":35}},"9":{"start":{"line":30,"column":20},"end":{"line":30,"column":32}},"10":{"start":{"line":31,"column":18},"end":{"line":33,"column":1}},"11":{"start":{"line":32,"column":2},"end":{"line":32,"column":54}},"12":{"start":{"line":38,"column":14},"end":{"line":40,"column":1}},"13":{"start":{"line":39,"column":2},"end":{"line":39,"column":66}}},"fnMap":{"0":{"name":"initialize","decl":{"start":{"line":10,"column":9},"end":{"line":10,"column":19}},"loc":{"start":{"line":10,"column":23},"end":{"line":15,"column":1}},"line":10},"1":{"name":"(anonymous_1)","decl":{"start":{"line":14,"column":15},"end":{"line":14,"column":16}},"loc":{"start":{"line":14,"column":23},"end":{"line":14,"column":48}},"line":14},"2":{"name":"(anonymous_2)","decl":{"start":{"line":21,"column":17},"end":{"line":21,"column":18}},"loc":{"start":{"line":21,"column":31},"end":{"line":25,"column":1}},"line":21},"3":{"name":"(anonymous_3)","decl":{"start":{"line":22,"column":33},"end":{"line":22,"column":34}},"loc":{"start":{"line":22,"column":43},"end":{"line":24,"column":3}},"line":22},"4":{"name":"(anonymous_4)","decl":{"start":{"line":31,"column":18},"end":{"line":31,"column":19}},"loc":{"start":{"line":31,"column":32},"end":{"line":33,"column":1}},"line":31},"5":{"name":"(anonymous_5)","decl":{"start":{"line":38,"column":14},"end":{"line":38,"column":15}},"loc":{"start":{"line":38,"column":33},"end":{"line":40,"column":1}},"line":38}},"branchMap":{"0":{"loc":{"start":{"line":23,"column":11},"end":{"line":23,"column":35}},"type":"cond-expr","locations":[{"start":{"line":23,"column":15},"end":{"line":23,"column":30}},{"start":{"line":23,"column":33},"end":{"line":23,"column":35}}],"line":23},"1":{"loc":{"start":{"line":39,"column":37},"end":{"line":39,"column":47}},"type":"binary-expr","locations":[{"start":{"line":39,"column":37},"end":{"line":39,"column":40}},{"start":{"line":39,"column":44},"end":{"line":39,"column":47}}],"line":39}},"s":{"0":1,"1":1,"2":1,"3":1,"4":1,"5":1,"6":1,"7":0,"8":0,"9":1,"10":1,"11":0,"12":1,"13":0},"f":{"0":1,"1":1,"2":0,"3":0,"4":0,"5":0},"b":{"0":[0,0],"1":[0,0]},"_coverageSchema":"332fd63041d2c1bcb487cc26dd0d5f7d97098a6c","hash":"359cd667b80999a0917a5bd2e6f34d8a69da93fb"}
}
