TN:
SF:/Users/haolchen/Documents/__self__/handlebars2/src/index.js
FN:16,render
FN:28,renderPartial
FNF:2
FNH:1
FNDA:2,render
FNDA:0,renderPartial
DA:8,1
DA:17,2
DA:18,2
DA:29,0
DA:30,0
LF:5
LH:3
BRDA:30,0,0,0
BRDA:30,0,1,0
BRF:2
BRH:0
end_of_record
TN:
SF:/Users/haolchen/Documents/__self__/handlebars2/src/helpers/comparison.js
FNF:0
FNH:0
DA:19,0
DA:20,0
DA:24,0
DA:26,0
DA:27,0
DA:29,0
DA:30,0
DA:32,0
DA:33,0
DA:35,0
DA:36,0
DA:38,0
DA:39,0
DA:41,0
DA:42,0
DA:44,0
DA:45,0
DA:47,0
DA:48,0
DA:50,0
DA:51,0
DA:53,0
DA:59,0
DA:76,0
DA:77,0
DA:78,0
DA:80,0
DA:81,0
DA:82,0
DA:83,0
DA:87,0
LF:31
LH:0
BRDA:19,0,0,0
BRDA:19,0,1,0
BRDA:24,1,0,0
BRDA:24,1,1,0
BRDA:24,1,2,0
BRDA:24,1,3,0
BRDA:24,1,4,0
BRDA:24,1,5,0
BRDA:24,1,6,0
BRDA:24,1,7,0
BRDA:24,1,8,0
BRDA:24,1,9,0
BRDA:59,2,0,0
BRDA:59,2,1,0
BRDA:81,3,0,0
BRDA:81,3,1,0
BRDA:87,4,0,0
BRDA:87,4,1,0
BRF:18
BRH:0
end_of_record
TN:
SF:/Users/haolchen/Documents/__self__/handlebars2/src/helpers/core.js
FNF:0
FNH:0
DA:10,1
DA:11,1
DA:12,1
DA:16,1
DA:17,0
DA:19,1
DA:23,1
DA:24,0
DA:26,1
DA:27,1
DA:31,0
DA:32,0
DA:34,0
DA:38,0
DA:39,0
DA:41,0
DA:45,0
DA:46,0
DA:50,0
DA:54,0
DA:58,0
DA:62,0
DA:66,0
DA:67,0
DA:71,0
DA:72,0
DA:76,0
DA:77,0
DA:88,0
DA:89,0
DA:93,0
DA:94,0
DA:96,0
DA:100,0
DA:101,0
DA:103,0
LF:36
LH:8
BRDA:16,0,0,0
BRDA:16,0,1,1
BRDA:23,1,0,0
BRDA:23,1,1,1
BRDA:26,2,0,1
BRDA:26,2,1,0
BRDA:31,3,0,0
BRDA:31,3,1,0
BRDA:38,4,0,0
BRDA:38,4,1,0
BRDA:93,5,0,0
BRDA:93,5,1,0
BRDA:93,6,0,0
BRDA:93,6,1,0
BRDA:96,7,0,0
BRDA:96,7,1,0
BRDA:100,8,0,0
BRDA:100,8,1,0
BRDA:100,9,0,0
BRDA:100,9,1,0
BRDA:103,10,0,0
BRDA:103,10,1,0
BRF:22
BRH:3
end_of_record
TN:
SF:/Users/haolchen/Documents/__self__/handlebars2/src/helpers/index.js
FN:9,helpers
FN:10,setup
FN:11,(anonymous_2)
FNF:3
FNH:3
FNDA:1,helpers
FNDA:2,setup
FNDA:17,(anonymous_2)
DA:11,2
DA:12,17
DA:16,1
DA:17,1
DA:18,1
LF:5
LH:5
BRF:0
BRH:0
end_of_record
TN:
SF:/Users/haolchen/Documents/__self__/handlebars2/src/helpers/utils.js
FN:10,initialize
FN:14,(anonymous_1)
FN:21,(anonymous_2)
FN:22,(anonymous_3)
FN:31,(anonymous_4)
FN:38,(anonymous_5)
FNF:6
FNH:2
FNDA:1,initialize
FNDA:1,(anonymous_1)
FNDA:0,(anonymous_2)
FNDA:0,(anonymous_3)
FNDA:0,(anonymous_4)
FNDA:0,(anonymous_5)
DA:11,1
DA:12,1
DA:13,1
DA:14,1
DA:20,1
DA:21,1
DA:22,0
DA:23,0
DA:30,1
DA:31,1
DA:32,0
DA:38,1
DA:39,0
LF:13
LH:9
BRDA:23,0,0,0
BRDA:23,0,1,0
BRDA:39,1,0,0
BRDA:39,1,1,0
BRF:4
BRH:0
end_of_record
